<?xml version="1.0" encoding="UTF-8"?>
<!-- Generated by org.testng.reporters.JUnitXMLReporter -->
<testsuite hostname="Balaji" ignored="2" name="Default test" tests="1" failures="0" timestamp="2019-09-18T16:22:29 IST" time="0.047" errors="0">
  <testcase name="invalidCredentialsTest" time="0.0" classname="com.maveric.mavericconnecttest.LoginTest">
    <skipped/>
  </testcase> <!-- invalidCredentialsTest -->
  <testcase name="validCredentialTest" time="0.0" classname="com.maveric.mavericconnecttest.LoginTest">
    <ignored/>
  </testcase> <!-- validCredentialTest -->
  <testcase name="invalidCredentialTest" time="0.0" classname="com.maveric.mavericconnecttest.LoginTest">
    <ignored/>
  </testcase> <!-- invalidCredentialTest -->
</testsuite> <!-- Default test -->
