<?xml version="1.0" encoding="UTF-8"?>
<!-- Generated by org.testng.reporters.JUnitXMLReporter -->
<testsuite hostname="Balaji" ignored="1" name="Test" tests="4" failures="0" timestamp="2019-09-19T15:27:03 IST" time="23.034" errors="0">
  <testcase name="invalidCredentialTest" time="3.424" classname="com.maveric.mavericconnecttest.LoginTest"/>
  <testcase name="invalidCredentialsTest" time="1.352" classname="com.maveric.mavericconnecttest.LoginTest"/>
  <testcase name="invalidCredentialsTest" time="1.213" classname="com.maveric.mavericconnecttest.LoginTest"/>
  <testcase name="invalidCredentialsTest" time="1.228" classname="com.maveric.mavericconnecttest.LoginTest"/>
  <testcase name="validCredentialTest" time="0.0" classname="com.maveric.mavericconnecttest.LoginTest">
    <ignored/>
  </testcase> <!-- validCredentialTest -->
</testsuite> <!-- Test -->
