<?xml version="1.0" encoding="UTF-8"?>
<testng-results skipped="0" failed="0" ignored="0" total="1" passed="1">
  <reporter-output>
  </reporter-output>
  <suite name="Suite" duration-ms="13756" started-at="2019-09-18T17:10:41 IST" finished-at="2019-09-18T17:10:54 IST">
    <groups>
    </groups>
    <test name="Test" duration-ms="13756" started-at="2019-09-18T17:10:41 IST" finished-at="2019-09-18T17:10:54 IST">
      <class name="com.maveric.mavericconnecttest.AddTimeCartTest">
        <test-method status="PASS" signature="setUp(java.lang.String)[pri:0, instance:com.maveric.mavericconnecttest.AddTimeCartTest@3abbfa04]" name="setUp" is-config="true" duration-ms="4165" started-at="2019-09-18T17:10:41 IST" finished-at="2019-09-18T17:10:45 IST">
          <params>
            <param index="0">
              <value>
                <![CDATA[ch]]>
              </value>
            </param>
          </params>
          <reporter-output>
          </reporter-output>
        </test-method> <!-- setUp -->
        <test-method status="PASS" signature="timeCartTest()[pri:0, instance:com.maveric.mavericconnecttest.AddTimeCartTest@3abbfa04]" name="timeCartTest" duration-ms="9538" started-at="2019-09-18T17:10:45 IST" finished-at="2019-09-18T17:10:54 IST">
          <reporter-output>
          </reporter-output>
        </test-method> <!-- timeCartTest -->
        <test-method status="PASS" signature="quitBrowser()[pri:0, instance:com.maveric.mavericconnecttest.AddTimeCartTest@3abbfa04]" name="quitBrowser" is-config="true" duration-ms="0" started-at="2019-09-18T17:10:54 IST" finished-at="2019-09-18T17:10:54 IST">
          <reporter-output>
          </reporter-output>
        </test-method> <!-- quitBrowser -->
      </class> <!-- com.maveric.mavericconnecttest.AddTimeCartTest -->
    </test> <!-- Test -->
  </suite> <!-- Suite -->
</testng-results>
