<?xml version="1.0" encoding="UTF-8"?>
<testng-results skipped="0" failed="0" ignored="1" total="5" passed="4">
  <reporter-output>
  </reporter-output>
  <suite name="Suite" duration-ms="23034" started-at="2019-09-19T15:26:40 IST" finished-at="2019-09-19T15:27:03 IST">
    <groups>
    </groups>
    <test name="Test" duration-ms="23034" started-at="2019-09-19T15:26:40 IST" finished-at="2019-09-19T15:27:03 IST">
      <class name="com.maveric.mavericconnecttest.LoginTest">
        <test-method status="PASS" signature="reportSetUp(java.lang.String)[pri:0, instance:com.maveric.mavericconnecttest.LoginTest@694e1548]" name="reportSetUp" is-config="true" duration-ms="197" started-at="2019-09-19T15:26:39 IST" finished-at="2019-09-19T15:26:40 IST">
          <params>
            <param index="0">
              <value>
                <![CDATA[ch]]>
              </value>
            </param>
          </params>
          <reporter-output>
          </reporter-output>
        </test-method> <!-- reportSetUp -->
        <test-method status="PASS" signature="setUp(java.lang.String)[pri:0, instance:com.maveric.mavericconnecttest.LoginTest@694e1548]" name="setUp" is-config="true" duration-ms="14213" started-at="2019-09-19T15:26:40 IST" finished-at="2019-09-19T15:26:54 IST">
          <params>
            <param index="0">
              <value>
                <![CDATA[ch]]>
              </value>
            </param>
          </params>
          <reporter-output>
          </reporter-output>
        </test-method> <!-- setUp -->
        <test-method status="PASS" signature="invalidCredentialTest()[pri:0, instance:com.maveric.mavericconnecttest.LoginTest@694e1548]" name="invalidCredentialTest" duration-ms="3424" started-at="2019-09-19T15:26:54 IST" finished-at="2019-09-19T15:26:57 IST">
          <reporter-output>
          </reporter-output>
        </test-method> <!-- invalidCredentialTest -->
        <test-method status="PASS" signature="getResult(org.testng.ITestResult)[pri:0, instance:com.maveric.mavericconnecttest.LoginTest@694e1548]" name="getResult" is-config="true" duration-ms="9" started-at="2019-09-19T15:26:57 IST" finished-at="2019-09-19T15:26:57 IST">
          <params>
            <param index="0">
              <value>
                <![CDATA[[TestResult name=invalidCredentialTest status=SUCCESS method=LoginTest.invalidCredentialTest()[pri:0, instance:com.maveric.mavericconnecttest.LoginTest@694e1548] output={null}]]]>
              </value>
            </param>
          </params>
          <reporter-output>
          </reporter-output>
        </test-method> <!-- getResult -->
        <test-method status="PASS" signature="invalidCredentialsTest(java.lang.String, java.lang.String)[pri:1, instance:com.maveric.mavericconnecttest.LoginTest@694e1548]" name="invalidCredentialsTest" duration-ms="1352" started-at="2019-09-19T15:26:58 IST" data-provider="InvalidCredentials" finished-at="2019-09-19T15:26:59 IST">
          <params>
            <param index="0">
              <value>
                <![CDATA[bala123@gmail.con]]>
              </value>
            </param>
            <param index="1">
              <value>
                <![CDATA[pass123]]>
              </value>
            </param>
          </params>
          <reporter-output>
          </reporter-output>
        </test-method> <!-- invalidCredentialsTest -->
        <test-method status="PASS" signature="getResult(org.testng.ITestResult)[pri:0, instance:com.maveric.mavericconnecttest.LoginTest@694e1548]" name="getResult" is-config="true" duration-ms="1" started-at="2019-09-19T15:26:59 IST" finished-at="2019-09-19T15:26:59 IST">
          <params>
            <param index="0">
              <value>
                <![CDATA[[TestResult name=invalidCredentialsTest status=SUCCESS method=LoginTest.invalidCredentialsTest(java.lang.String, java.lang.String)[pri:1, instance:com.maveric.mavericconnecttest.LoginTest@694e1548] output={null}]]]>
              </value>
            </param>
          </params>
          <reporter-output>
          </reporter-output>
        </test-method> <!-- getResult -->
        <test-method status="PASS" signature="invalidCredentialsTest(java.lang.String, java.lang.String)[pri:1, instance:com.maveric.mavericconnecttest.LoginTest@694e1548]" name="invalidCredentialsTest" duration-ms="1213" started-at="2019-09-19T15:26:59 IST" data-provider="InvalidCredentials" finished-at="2019-09-19T15:27:01 IST">
          <params>
            <param index="0">
              <value>
                <![CDATA[bala456@gmail.com]]>
              </value>
            </param>
            <param index="1">
              <value>
                <![CDATA[pass456]]>
              </value>
            </param>
          </params>
          <reporter-output>
          </reporter-output>
        </test-method> <!-- invalidCredentialsTest -->
        <test-method status="PASS" signature="getResult(org.testng.ITestResult)[pri:0, instance:com.maveric.mavericconnecttest.LoginTest@694e1548]" name="getResult" is-config="true" duration-ms="1" started-at="2019-09-19T15:27:01 IST" finished-at="2019-09-19T15:27:01 IST">
          <params>
            <param index="0">
              <value>
                <![CDATA[[TestResult name=invalidCredentialsTest status=SUCCESS method=LoginTest.invalidCredentialsTest(java.lang.String, java.lang.String)[pri:1, instance:com.maveric.mavericconnecttest.LoginTest@694e1548] output={null}]]]>
              </value>
            </param>
          </params>
          <reporter-output>
          </reporter-output>
        </test-method> <!-- getResult -->
        <test-method status="PASS" signature="invalidCredentialsTest(java.lang.String, java.lang.String)[pri:1, instance:com.maveric.mavericconnecttest.LoginTest@694e1548]" name="invalidCredentialsTest" duration-ms="1228" started-at="2019-09-19T15:27:01 IST" data-provider="InvalidCredentials" finished-at="2019-09-19T15:27:02 IST">
          <params>
            <param index="0">
              <value>
                <![CDATA[bala789@gmail.com]]>
              </value>
            </param>
            <param index="1">
              <value>
                <![CDATA[pass567]]>
              </value>
            </param>
          </params>
          <reporter-output>
          </reporter-output>
        </test-method> <!-- invalidCredentialsTest -->
        <test-method status="PASS" signature="getResult(org.testng.ITestResult)[pri:0, instance:com.maveric.mavericconnecttest.LoginTest@694e1548]" name="getResult" is-config="true" duration-ms="1" started-at="2019-09-19T15:27:02 IST" finished-at="2019-09-19T15:27:02 IST">
          <params>
            <param index="0">
              <value>
                <![CDATA[[TestResult name=invalidCredentialsTest status=SUCCESS method=LoginTest.invalidCredentialsTest(java.lang.String, java.lang.String)[pri:1, instance:com.maveric.mavericconnecttest.LoginTest@694e1548] output={null}]]]>
              </value>
            </param>
          </params>
          <reporter-output>
          </reporter-output>
        </test-method> <!-- getResult -->
        <test-method status="PASS" signature="browserQuit()[pri:0, instance:com.maveric.mavericconnecttest.LoginTest@694e1548]" name="browserQuit" is-config="true" duration-ms="785" started-at="2019-09-19T15:27:02 IST" finished-at="2019-09-19T15:27:03 IST">
          <reporter-output>
          </reporter-output>
        </test-method> <!-- browserQuit -->
        <test-method status="PASS" signature="tearDown()[pri:0, instance:com.maveric.mavericconnecttest.LoginTest@694e1548]" name="tearDown" is-config="true" duration-ms="467" started-at="2019-09-19T15:27:03 IST" finished-at="2019-09-19T15:27:03 IST">
          <reporter-output>
          </reporter-output>
        </test-method> <!-- tearDown -->
      </class> <!-- com.maveric.mavericconnecttest.LoginTest -->
    </test> <!-- Test -->
  </suite> <!-- Suite -->
</testng-results>
